2016-07-06 12:09:16.3760 Error Error when writing to database. Exception: MySql.Data.MySqlClient.MySqlException (0x80004005): Authentication to host '192.168.100.200' for user 'geo' using method 'mysql_native_password' failed with message: Unknown database 'dbGeoLoc' ---> MySql.Data.MySqlClient.MySqlException (0x80004005): Unknown database 'dbGeoLoc'
   at MySql.Data.MySqlClient.MySqlStream.ReadPacket()
   at MySql.Data.MySqlClient.Authentication.MySqlAuthenticationPlugin.ReadPacket()
   at MySql.Data.MySqlClient.Authentication.MySqlAuthenticationPlugin.AuthenticationFailed(Exception ex)
   at MySql.Data.MySqlClient.Authentication.MySqlAuthenticationPlugin.ReadPacket()
   at MySql.Data.MySqlClient.Authentication.MySqlAuthenticationPlugin.Authenticate(Boolean reset)
   at MySql.Data.MySqlClient.NativeDriver.Authenticate(String authMethod, Boolean reset)
   at MySql.Data.MySqlClient.NativeDriver.Open()
   at MySql.Data.MySqlClient.Driver.Open()
   at MySql.Data.MySqlClient.Driver.Create(MySqlConnectionStringBuilder settings)
   at MySql.Data.MySqlClient.MySqlPool.GetPooledConnection()
   at MySql.Data.MySqlClient.MySqlPool.TryToGetDriver()
   at MySql.Data.MySqlClient.MySqlPool.GetConnection()
   at MySql.Data.MySqlClient.MySqlConnection.Open()
   at NLog.Targets.DatabaseTarget.OpenConnection(String connectionString)
   at NLog.Targets.DatabaseTarget.EnsureConnectionOpen(String connectionString)
   at NLog.Targets.DatabaseTarget.WriteEventToDatabase(LogEventInfo logEvent)
   at NLog.Targets.DatabaseTarget.Write(AsyncLogEventInfo[] logEvents)
2016-07-06 12:09:16.3760 Error AsyncWrapper 'databaselog': Error in lazy writer timer procedure. Exception: MySql.Data.MySqlClient.MySqlException (0x80004005): Authentication to host '192.168.100.200' for user 'geo' using method 'mysql_native_password' failed with message: Unknown database 'dbGeoLoc' ---> MySql.Data.MySqlClient.MySqlException (0x80004005): Unknown database 'dbGeoLoc'
   at MySql.Data.MySqlClient.MySqlStream.ReadPacket()
   at MySql.Data.MySqlClient.Authentication.MySqlAuthenticationPlugin.ReadPacket()
   at MySql.Data.MySqlClient.Authentication.MySqlAuthenticationPlugin.AuthenticationFailed(Exception ex)
   at MySql.Data.MySqlClient.Authentication.MySqlAuthenticationPlugin.ReadPacket()
   at MySql.Data.MySqlClient.Authentication.MySqlAuthenticationPlugin.Authenticate(Boolean reset)
   at MySql.Data.MySqlClient.NativeDriver.Authenticate(String authMethod, Boolean reset)
   at MySql.Data.MySqlClient.NativeDriver.Open()
   at MySql.Data.MySqlClient.Driver.Open()
   at MySql.Data.MySqlClient.Driver.Create(MySqlConnectionStringBuilder settings)
   at MySql.Data.MySqlClient.MySqlPool.GetPooledConnection()
   at MySql.Data.MySqlClient.MySqlPool.TryToGetDriver()
   at MySql.Data.MySqlClient.MySqlPool.GetConnection()
   at MySql.Data.MySqlClient.MySqlConnection.Open()
   at NLog.Targets.DatabaseTarget.OpenConnection(String connectionString)
   at NLog.Targets.DatabaseTarget.EnsureConnectionOpen(String connectionString)
   at NLog.Targets.DatabaseTarget.WriteEventToDatabase(LogEventInfo logEvent)
   at NLog.Targets.DatabaseTarget.Write(AsyncLogEventInfo[] logEvents)
   at NLog.Targets.Target.WriteAsyncLogEvents(AsyncLogEventInfo[] logEvents)
   at NLog.Targets.Wrappers.AsyncTargetWrapper.ProcessPendingEvents(Object state)
